[debug] [2025-10-05T13:14:40.713Z] ----------------------------------------------------------------------
[debug] [2025-10-05T13:14:40.714Z] Command:       /Users/chrismeisner/.nvm/versions/node/v18.20.6/bin/node /opt/homebrew/bin/firebase init
[debug] [2025-10-05T13:14:40.714Z] CLI Version:   13.29.1
[debug] [2025-10-05T13:14:40.714Z] Platform:      darwin
[debug] [2025-10-05T13:14:40.714Z] Node Version:  v18.20.6
[debug] [2025-10-05T13:14:40.715Z] Time:          Sun Oct 05 2025 09:14:40 GMT-0400 (Eastern Daylight Time)
[debug] [2025-10-05T13:14:40.715Z] ----------------------------------------------------------------------
[debug] 
[debug] [2025-10-05T13:14:40.716Z] >>> [apiv2][query] GET https://firebase-public.firebaseio.com/cli.json [none]
[debug] [2025-10-05T13:14:40.731Z] > command requires scopes: ["email","openid","https://www.googleapis.com/auth/cloudplatformprojects.readonly","https://www.googleapis.com/auth/firebase","https://www.googleapis.com/auth/cloud-platform"]
[debug] [2025-10-05T13:14:40.731Z] > authorizing via signed-in user (chris@chrismeisner.com)
[info] 
     ######## #### ########  ######## ########     ###     ######  ########
     ##        ##  ##     ## ##       ##     ##  ##   ##  ##       ##
     ######    ##  ########  ######   ########  #########  ######  ######
     ##        ##  ##    ##  ##       ##     ## ##     ##       ## ##
     ##       #### ##     ## ######## ########  ##     ##  ######  ########

You're about to initialize a Firebase project in this directory:

  /Users/chrismeisner/Projects/make-the-take-next

[debug] [2025-10-05T13:14:40.870Z] <<< [apiv2][status] GET https://firebase-public.firebaseio.com/cli.json 200
[debug] [2025-10-05T13:14:40.870Z] <<< [apiv2][body] GET https://firebase-public.firebaseio.com/cli.json {"cloudBuildErrorAfter":1594252800000,"cloudBuildWarnAfter":1590019200000,"defaultNode10After":1594252800000,"minVersion":"3.0.5","node8DeploysDisabledAfter":1613390400000,"node8RuntimeDisabledAfter":1615809600000,"node8WarnAfter":1600128000000}
